<?xml version="1.0" encoding="UTF-8"?>
<testng-results ignored="0" total="1" passed="1" failed="0" skipped="0">
  <reporter-output>
  </reporter-output>
  <suite started-at="2019-10-06T23:30:18 IST" name="Default suite" finished-at="2019-10-06T23:30:19 IST" duration-ms="1020">
    <groups>
    </groups>
    <test started-at="2019-10-06T23:30:18 IST" name="Default test" finished-at="2019-10-06T23:30:19 IST" duration-ms="1020">
      <class name="com.qa.test.PostUserDetails">
        <test-method signature="postUserDetails()[pri:0, instance:com.qa.test.PostUserDetails@358ee631]" started-at="2019-10-06T23:30:18 IST" name="postUserDetails" finished-at="2019-10-06T23:30:19 IST" duration-ms="964" status="PASS">
          <reporter-output>
          </reporter-output>
        </test-method> <!-- postUserDetails -->
      </class> <!-- com.qa.test.PostUserDetails -->
    </test> <!-- Default test -->
  </suite> <!-- Default suite -->
</testng-results>
